<?xml version="1.0" encoding="UTF-8"?>
<!-- Generated by org.testng.reporters.JUnitReportReporter -->
<testsuite hostname="LAPTOP-E956GLFD" failures="0" tests="1" name="Excel_read_write" time="0.507" errors="0" timestamp="2021-06-22T07:04:42 IST" skipped="0">
  <testcase classname="Excel_read_write" name="read" time="0.507"/>
  <system-out/>
</testsuite> <!-- Excel_read_write -->
