<?xml version="1.0" encoding="UTF-8"?>
<!-- Generated by org.testng.reporters.JUnitReportReporter -->
<testsuite hostname="LAPTOP-E956GLFD" failures="0" tests="2" name="Excel_read_write" time="0.284" errors="0" timestamp="2021-06-14T10:58:01 IST" skipped="0">
  <testcase classname="Excel_read_write" name="write" time="0.204"/>
  <system-out/>
  <testcase classname="Excel_read_write" name="read" time="0.080"/>
  <system-out/>
</testsuite> <!-- Excel_read_write -->
