<?xml version="1.0" encoding="UTF-8"?>
<!-- Generated by org.testng.reporters.JUnitReportReporter -->
<testsuite hostname="LAPTOP-E956GLFD" failures="0" tests="2" name="com.crm.tests.LoginTest" time="11.753" errors="0" timestamp="2021-06-10T08:53:01 IST" skipped="0">
  <testcase classname="com.crm.tests.LoginTest" name="logintest" time="6.101"/>
  <system-out/>
  <testcase classname="com.crm.tests.LoginTest" name="invalidlogintest" time="5.652"/>
  <system-out/>
</testsuite> <!-- com.crm.tests.LoginTest -->
