<?xml version="1.0" encoding="UTF-8"?>
<!-- Generated by org.testng.reporters.JUnitReportReporter -->
<testsuite hostname="LAPTOP-E956GLFD" failures="0" tests="1" name="com.crm.tests.FormsTest" time="24.466" errors="0" timestamp="2021-06-11T08:56:17 IST" skipped="0">
  <testcase classname="com.crm.tests.FormsTest" name="formTest" time="24.466"/>
  <system-out/>
</testsuite> <!-- com.crm.tests.FormsTest -->
