<?xml version="1.0" encoding="UTF-8"?>
<!-- Generated by org.testng.reporters.JUnitReportReporter -->
<testsuite hostname="LAPTOP-E956GLFD" failures="0" tests="1" name="com.crm.tests.ContactsTest" time="19.112" errors="0" timestamp="2021-06-11T08:56:17 IST" skipped="0">
  <testcase classname="com.crm.tests.ContactsTest" name="contactsTest" time="19.112"/>
  <system-out/>
</testsuite> <!-- com.crm.tests.ContactsTest -->
