<?xml version="1.0" encoding="UTF-8"?>
<!-- Generated by org.testng.reporters.JUnitReportReporter -->
<testsuite hostname="LAPTOP-E956GLFD" failures="0" tests="2" name="Sauce_Test" time="39.298" errors="0" timestamp="2021-06-19T11:03:56 IST" skipped="0">
  <testcase classname="Sauce_Test" name="order_test" time="39.290"/>
  <system-out/>
  <testcase classname="Sauce_Test" name="login_test" time="0.008"/>
  <system-out/>
</testsuite> <!-- Sauce_Test -->
