<?xml version="1.0" encoding="UTF-8"?>
<!-- Generated by org.testng.reporters.JUnitReportReporter -->
<testsuite hostname="LAPTOP-E956GLFD" failures="0" tests="1" name="com.crm.tests.Form_Test" time="17.015" errors="0" timestamp="2021-06-10T08:04:32 IST" skipped="0">
  <testcase classname="com.crm.tests.Form_Test" name="forms_test" time="17.015"/>
  <system-out/>
</testsuite> <!-- com.crm.tests.Form_Test -->
