<?xml version="1.0" encoding="UTF-8"?>
<!-- Generated by org.testng.reporters.JUnitReportReporter -->
<testsuite hostname="LAPTOP-E956GLFD" failures="0" tests="1" name="com.crm.tests.Contacts_Test" time="12.598" errors="0" timestamp="2021-06-10T08:04:32 IST" skipped="0">
  <testcase classname="com.crm.tests.Contacts_Test" name="contacts_test" time="12.598"/>
  <system-out/>
</testsuite> <!-- com.crm.tests.Contacts_Test -->
