<?xml version="1.0" encoding="UTF-8"?>
<!-- Generated by org.testng.reporters.JUnitReportReporter -->
<testsuite skipped="0" hostname="LAPTOP-E956GLFD" name="Tests.Form_Test" tests="1" failures="0" timestamp="2021-06-24T07:37:26 IST" time="6.988" errors="0">
  <testcase name="forms_test" time="6.988" classname="Tests.Form_Test"/>
  <system-out/>
</testsuite> <!-- Tests.Form_Test -->
