<?xml version="1.0" encoding="UTF-8"?>
<!-- Generated by org.testng.reporters.JUnitReportReporter -->
<testsuite hostname="LAPTOP-E956GLFD" failures="0" tests="1" name="Navigate" time="17.810" errors="0" timestamp="2021-06-12T07:04:11 IST" skipped="0">
  <testcase classname="Navigate" name="test" time="17.810"/>
  <system-out/>
</testsuite> <!-- Navigate -->
