<?xml version="1.0" encoding="UTF-8"?>
<!-- Generated by org.testng.reporters.JUnitReportReporter -->
<testsuite hostname="LAPTOP-E956GLFD" failures="0" tests="1" name="com.test.data.janbask.TestData.Login_Test" time="0.149" errors="0" timestamp="2021-06-19T07:57:39 IST" skipped="0">
  <testcase classname="com.test.data.janbask.TestData.Login_Test" name="Login" time="0.149"/>
  <system-out/>
</testsuite> <!-- com.test.data.janbask.TestData.Login_Test -->
