<?xml version="1.0" encoding="UTF-8"?>
<!-- Generated by org.testng.reporters.JUnitReportReporter -->
<testsuite hostname="LAPTOP-E956GLFD" failures="0" tests="1" name="Runner" time="0.013" errors="0" timestamp="2021-06-17T09:10:01 IST" skipped="0">
  <testcase classname="Runner" name="test" time="0.013"/>
  <system-out/>
</testsuite> <!-- Runner -->
