<?xml version="1.0" encoding="UTF-8"?>
<!-- Generated by org.testng.reporters.JUnitReportReporter -->
<testsuite hostname="LAPTOP-E956GLFD" failures="0" tests="1" name="Property_Read" time="0.009" errors="0" timestamp="2021-06-10T20:46:01 IST" skipped="0">
  <testcase classname="Property_Read" name="read" time="0.009"/>
  <system-out/>
</testsuite> <!-- Property_Read -->
