<?xml version="1.0" encoding="UTF-8"?>
<!-- Generated by org.testng.reporters.JUnitReportReporter -->
<testsuite hostname="LAPTOP-E956GLFD" failures="0" tests="1" name="Test_2" time="0.016" errors="0" timestamp="2021-06-09T07:44:03 IST" skipped="0">
  <testcase classname="Test_2" name="method2" time="0.016"/>
  <system-out/>
</testsuite> <!-- Test_2 -->
