<?xml version="1.0" encoding="UTF-8"?>
<!-- Generated by org.testng.reporters.JUnitReportReporter -->
<testsuite hostname="LAPTOP-E956GLFD" failures="0" tests="1" name="Test_1" time="0.002" errors="0" timestamp="2021-06-07T20:46:59 IST" skipped="0">
  <testcase classname="Test_1" name="method1" time="0.002"/>
  <system-out/>
</testsuite> <!-- Test_1 -->
