<?xml version="1.0" encoding="UTF-8"?>
<!-- Generated by org.testng.reporters.JUnitReportReporter -->
<testsuite hostname="LAPTOP-E956GLFD" failures="0" tests="1" name="Test_3" time="0.001" errors="0" timestamp="2021-06-07T20:46:59 IST" skipped="0">
  <testcase classname="Test_3" name="method3" time="0.001"/>
  <system-out/>
</testsuite> <!-- Test_3 -->
