<?xml version="1.0" encoding="UTF-8"?>
<!-- Generated by org.testng.reporters.JUnitReportReporter -->
<testsuite hostname="LAPTOP-E956GLFD" failures="0" tests="1" name="Assignment_Sample" time="19.621" errors="0" timestamp="2021-06-09T08:17:40 IST" skipped="0">
  <testcase classname="Assignment_Sample" name="test1" time="19.621"/>
  <system-out/>
</testsuite> <!-- Assignment_Sample -->
