<?xml version="1.0" encoding="UTF-8"?>
<!-- Generated by org.testng.reporters.JUnitReportReporter -->
<testsuite hostname="LAPTOP-E956GLFD" failures="0" tests="1" name="Test_1" time="0.001" errors="0" timestamp="2021-06-09T07:44:03 IST" skipped="0">
  <testcase classname="Test_1" name="method1" time="0.001"/>
  <system-out/>
</testsuite> <!-- Test_1 -->
