<?xml version="1.0" encoding="UTF-8"?>
<!-- Generated by org.testng.reporters.JUnitReportReporter -->
<testsuite hostname="LAPTOP-E956GLFD" failures="0" tests="2" name="Test_3" time="0.003" errors="0" timestamp="2021-06-09T07:44:03 IST" skipped="0">
  <testcase classname="Test_3" name="method3" time="0.002"/>
  <system-out/>
  <testcase classname="Test_3" name="method4" time="0.001"/>
  <system-out/>
</testsuite> <!-- Test_3 -->
