<?xml version="1.0" encoding="UTF-8"?>
<!-- Generated by org.testng.reporters.JUnitReportReporter -->
<testsuite hostname="LAPTOP-E956GLFD" failures="0" tests="2" name="Depends" time="0.011" errors="0" timestamp="2021-06-07T20:59:09 IST" skipped="0">
  <testcase classname="Depends" name="home_page" time="0.002"/>
  <system-out/>
  <testcase classname="Depends" name="login" time="0.009"/>
  <system-out/>
</testsuite> <!-- Depends -->
