<?xml version="1.0" encoding="UTF-8"?>
<!-- Generated by org.testng.reporters.JUnitReportReporter -->
<testsuite hostname="LAPTOP-E956GLFD" failures="0" tests="2" name="Data_Prov" time="0.007" errors="0" timestamp="2021-06-07T20:49:07 IST" skipped="0">
  <testcase classname="Data_Prov" name="myTest" time="0.006"/>
  <system-out/>
  <testcase classname="Data_Prov" name="myTest" time="0.001"/>
  <system-out/>
</testsuite> <!-- Data_Prov -->
