<?xml version="1.0" encoding="UTF-8"?>
<!-- Generated by org.testng.reporters.JUnitReportReporter -->
<testsuite hostname="LAPTOP-E956GLFD" failures="0" tests="4" name="Priority" time="0.013" errors="0" timestamp="2021-06-07T20:55:32 IST" skipped="0">
  <testcase classname="Priority" name="test4" time="0.010"/>
  <system-out/>
  <testcase classname="Priority" name="test2" time="0.001"/>
  <system-out/>
  <testcase classname="Priority" name="test3" time="0.001"/>
  <system-out/>
  <testcase classname="Priority" name="test1" time="0.001"/>
  <system-out/>
</testsuite> <!-- Priority -->
