<?xml version="1.0" encoding="UTF-8"?>
<!-- Generated by org.testng.reporters.JUnitReportReporter -->
<testsuite hostname="LAPTOP-E956GLFD" failures="0" tests="2" name="Annot" time="0.006" errors="0" timestamp="2021-06-07T20:51:38 IST" skipped="0">
  <testcase classname="Annot" name="testCase2" time="0.001"/>
  <system-out/>
  <testcase classname="Annot" name="testCase1" time="0.005"/>
  <system-out/>
</testsuite> <!-- Annot -->
