<?xml version="1.0" encoding="UTF-8"?>
<!-- Generated by org.testng.reporters.JUnitReportReporter -->
<testsuite hostname="LAPTOP-E956GLFD" failures="0" tests="3" name="Data_Prov" time="0.010" errors="0" timestamp="2021-06-09T07:59:22 IST" skipped="0">
  <testcase classname="Data_Prov" name="myTest" time="0.001"/>
  <system-out/>
  <testcase classname="Data_Prov" name="myTest" time="0.008"/>
  <system-out/>
  <testcase classname="Data_Prov" name="myTest" time="0.001"/>
  <system-out/>
</testsuite> <!-- Data_Prov -->
